<?xml version="1.0" encoding="UTF-8"?>
<!-- Generated by org.testng.reporters.JUnitXMLReporter -->
<testsuite hostname="MP2LTDDCJKFSLQ2" ignored="0" name="BankingApp Test" tests="3" failures="1" timestamp="16 Aug 2020 12:52:10 GMT" time="53.53" errors="0">
  <testcase name="loginTest" time="2.226" classname="com.inetBanking.TestCases.TC_Login_001"/>
  <testcase name="addNewCustomer" time="15.669" classname="com.inetBanking.TestCases.TC_AddCustomerTest_003">
    <failure type="java.lang.AssertionError" message="expected [true] but found [false]">
      <![CDATA[java.lang.AssertionError: expected [true] but found [false]
at com.inetBanking.TestCases.TC_AddCustomerTest_003.addNewCustomer(TC_AddCustomerTest_003.java:84)
... Removed 29 stack frames]]>
    </failure>
  </testcase> <!-- addNewCustomer -->
  <testcase name="EditCustomer" time="4.446" classname="com.inetBanking.TestCases.TC_EditCustomer_004"/>
</testsuite> <!-- BankingApp Test -->
